GET /download HTTP/1.1
x-forwarded-for: 193.119.79.114
x-forwarded-port: 443
host: prajwaltest123.loca.lt
x-forwarded-proto: https, https
accept-encoding: gzip, deflate, br, zstd
sec-fetch-dest: document
sec-fetch-user: ?1
sec-fetch-mode: navigate
sec-fetch-site: none
accept-language: en-GB,en;q=0.8
sec-gpc: 1
accept: text/html,application/xhtml+xml,application/xml;q=0.9,image/avif,image/webp,image/apng,*/*;q=0.8
user-agent: Mozilla/5.0 (Macintosh; Intel Mac OS X 10_15_7) AppleWebKit/537.36 (KHTML, like Gecko) Chrome/134.0.0.0 Safari/537.36
upgrade-insecure-requests: 1
sec-ch-ua-platform: "macOS"
sec-ch-ua-mobile: ?0
sec-ch-ua: "Chromium";v="134", "Not:A-Brand";v="24", "Brave";v="134"
x-forwarded-host: prajwaltest123.loca.lt
connection: keep-alive

GET /download HTTP/1.1
x-forwarded-for: 193.119.79.114
x-forwarded-port: 80
host: prajwaltest123.loca.lt
x-forwarded-proto: http
accept-language: en-GB,en-US;q=0.9,en;q=0.8
accept-encoding: gzip, deflate
accept: text/html,application/xhtml+xml,application/xml;q=0.9,image/avif,image/webp,image/apng,*/*;q=0.8,application/signed-exchange;v=b3;q=0.7
user-agent: Mozilla/5.0 (Windows NT 10.0; Win64; x64) AppleWebKit/537.36 (KHTML, like Gecko) Chrome/134.0.0.0 Safari/537.36
upgrade-insecure-requests: 1
x-forwarded-host: prajwaltest123.loca.lt
connection: keep-alive

GET /download HTTP/1.1
x-forwarded-for: 193.119.79.114
x-forwarded-port: 443
host: prajwaltest123.loca.lt
x-forwarded-proto: https, https
accept-encoding: gzip, deflate, br, zstd
sec-fetch-dest: document
sec-fetch-user: ?1
sec-fetch-mode: navigate
sec-fetch-site: none
accept-language: en-GB,en;q=0.8
sec-gpc: 1
accept: text/html,application/xhtml+xml,application/xml;q=0.9,image/avif,image/webp,image/apng,*/*;q=0.8
user-agent: Mozilla/5.0 (Macintosh; Intel Mac OS X 10_15_7) AppleWebKit/537.36 (KHTML, like Gecko) Chrome/134.0.0.0 Safari/537.36
upgrade-insecure-requests: 1
sec-ch-ua-platform: "macOS"
sec-ch-ua-mobile: ?0
sec-ch-ua: "Chromium";v="134", "Not:A-Brand";v="24", "Brave";v="134"
cache-control: max-age=0
x-forwarded-host: prajwaltest123.loca.lt
connection: keep-alive

GET /download HTTP/1.1
Host: 127.0.0.1:8080
Connection: keep-alive
sec-ch-ua: "Chromium";v="134", "Not:A-Brand";v="24", "Brave";v="134"
sec-ch-ua-mobile: ?0
sec-ch-ua-platform: "macOS"
Upgrade-Insecure-Requests: 1
User-Agent: Mozilla/5.0 (Macintosh; Intel Mac OS X 10_15_7) AppleWebKit/537.36 (KHTML, like Gecko) Chrome/134.0.0.0 Safari/537.36
Accept: text/html,application/xhtml+xml,application/xml;q=0.9,image/avif,image/webp,image/apng,*/*;q=0.8
Sec-GPC: 1
Accept-Language: en-GB,en;q=0.8
Sec-Fetch-Site: none
Sec-Fetch-Mode: navigate
Sec-Fetch-User: ?1
Sec-Fetch-Dest: document
Accept-Encoding: gzip, deflate, br, zstd

GET /download HTTP/1.1
Host: 127.0.0.1:8080
Connection: keep-alive
Cache-Control: max-age=0
sec-ch-ua: "Chromium";v="134", "Not:A-Brand";v="24", "Brave";v="134"
sec-ch-ua-mobile: ?0
sec-ch-ua-platform: "macOS"
Upgrade-Insecure-Requests: 1
User-Agent: Mozilla/5.0 (Macintosh; Intel Mac OS X 10_15_7) AppleWebKit/537.36 (KHTML, like Gecko) Chrome/134.0.0.0 Safari/537.36
Accept: text/html,application/xhtml+xml,application/xml;q=0.9,image/avif,image/webp,image/apng,*/*;q=0.8
Sec-GPC: 1
Accept-Language: en-GB,en;q=0.8
Sec-Fetch-Site: none
Sec-Fetch-Mode: navigate
Sec-Fetch-User: ?1
Sec-Fetch-Dest: document
Accept-Encoding: gzip, deflate, br, zstd

GET /download HTTP/1.1
Host: 127.0.0.1:8080
Connection: keep-alive
Cache-Control: max-age=0
sec-ch-ua: "Chromium";v="134", "Not:A-Brand";v="24", "Brave";v="134"
sec-ch-ua-mobile: ?0
sec-ch-ua-platform: "macOS"
Upgrade-Insecure-Requests: 1
User-Agent: Mozilla/5.0 (Macintosh; Intel Mac OS X 10_15_7) AppleWebKit/537.36 (KHTML, like Gecko) Chrome/134.0.0.0 Safari/537.36
Accept: text/html,application/xhtml+xml,application/xml;q=0.9,image/avif,image/webp,image/apng,*/*;q=0.8
Sec-GPC: 1
Accept-Language: en-GB,en;q=0.8
Sec-Fetch-Site: none
Sec-Fetch-Mode: navigate
Sec-Fetch-User: ?1
Sec-Fetch-Dest: document
Accept-Encoding: gzip, deflate, br, zstd

GET /download HTTP/1.1
Host: 127.0.0.1:8080
Connection: keep-alive
Cache-Control: max-age=0
sec-ch-ua: "Chromium";v="134", "Not:A-Brand";v="24", "Brave";v="134"
sec-ch-ua-mobile: ?0
sec-ch-ua-platform: "macOS"
Upgrade-Insecure-Requests: 1
User-Agent: Mozilla/5.0 (Macintosh; Intel Mac OS X 10_15_7) AppleWebKit/537.36 (KHTML, like Gecko) Chrome/134.0.0.0 Safari/537.36
Accept: text/html,application/xhtml+xml,application/xml;q=0.9,image/avif,image/webp,image/apng,*/*;q=0.8
Sec-GPC: 1
Accept-Language: en-GB,en;q=0.8
Sec-Fetch-Site: none
Sec-Fetch-Mode: navigate
Sec-Fetch-User: ?1
Sec-Fetch-Dest: document
Accept-Encoding: gzip, deflate, br, zstd

GET /download HTTP/1.1
Host: 127.0.0.1:8080
Connection: keep-alive
Cache-Control: max-age=0
sec-ch-ua: "Chromium";v="134", "Not:A-Brand";v="24", "Brave";v="134"
sec-ch-ua-mobile: ?0
sec-ch-ua-platform: "macOS"
Upgrade-Insecure-Requests: 1
User-Agent: Mozilla/5.0 (Macintosh; Intel Mac OS X 10_15_7) AppleWebKit/537.36 (KHTML, like Gecko) Chrome/134.0.0.0 Safari/537.36
Accept: text/html,application/xhtml+xml,application/xml;q=0.9,image/avif,image/webp,image/apng,*/*;q=0.8
Sec-GPC: 1
Accept-Language: en-GB,en;q=0.8
Sec-Fetch-Site: none
Sec-Fetch-Mode: navigate
Sec-Fetch-User: ?1
Sec-Fetch-Dest: document
Accept-Encoding: gzip, deflate, br, zstd